Build started 10/21/2014 5:47:42 PM.
     1>Project "C:\Externals\stormlib\win\tests\hellofs\hellofs.vcxproj" on node 3 (build target(s)).
     1>InitializeBuildStatus:
         Touching "hellofs.dir\Release\hellofs.unsuccessfulbuild".
       CustomBuild:
         All outputs are up-to-date.
       ClCompile:
         c:\Program Files (x86)\Microsoft Visual Studio 10.0\VC\bin\CL.exe /c /IC:/Externals/Fuse/include /nologo /W3 /WX- /O2 /Ob2 /Oy- /D WIN32 /D _WINDOWS /D NDEBUG /D _FILE_OFFSET_BITS=64 /D __FreeBSD__=10 /D FUSE_USE_VERSION=26 /D "CMAKE_INTDIR=\"Release\"" /D _MBCS /Gm- /MD /GS /fp:precise /Zc:wchar_t /Zc:forScope /Fo"hellofs.dir\Release\\" /Fd"hellofs.dir\Release\vc100.pdb" /Gd /TC /analyze- /errorReport:prompt ..\..\..\tests\hellofs\hello.c
         hello.c
     1>C:/Externals/Fuse/include\fuse.h(30): fatal error C1083: Cannot open include file: 'utime.h': No such file or directory
     1>Done Building Project "C:\Externals\stormlib\win\tests\hellofs\hellofs.vcxproj" (build target(s)) -- FAILED.

Build FAILED.

Time Elapsed 00:00:00.21
